<?xml version="1.0" encoding="UTF-8" ?>
<testsuite failures="0" time="1.49" errors="2" skipped="0" tests="2" name="org.iiinews.android.controller.SampleControllerTest">
  <properties>
[...]
</properties>
  <testcase time="0" classname="org.iiinews.android.controller.SampleControllerTest" name="org.iiinews.android.controller.SampleControllerTest">
    <error message="java.lang.NullPointerException" type="org.restexpress.common.exception.ConfigurationException">org.restexpress.common.exception.ConfigurationException: java.lang.NullPointerException
	at org.restexpress.route.RouteBuilder.determineActionMethod(RouteBuilder.java:344)
	at org.restexpress.route.RouteBuilder.build(RouteBuilder.java:268)
	at org.restexpress.route.RouteBuilder.asMetadata(RouteBuilder.java:290)
	at org.restexpress.route.parameterized.ParameterizedRouteBuilder.asMetadata(ParameterizedRouteBuilder.java:86)
	at org.restexpress.route.RouteDeclaration$1.process(RouteDeclaration.java:89)
	at org.restexpress.route.RouteDeclaration$1.process(RouteDeclaration.java:85)
	at org.restexpress.route.RouteDeclaration.iterateRouteBuilders(RouteDeclaration.java:108)
	at org.restexpress.route.RouteDeclaration.createRouteMapping(RouteDeclaration.java:84)
	at org.restexpress.RestExpress.createRouteResolver(RestExpress.java:639)
	at org.restexpress.RestExpress.buildRequestHandler(RestExpress.java:520)
	at org.restexpress.RestExpress.bind(RestExpress.java:556)
	at org.iiinews.android.Main.initializeServer(Main.java:37)
	at org.iiinews.android.controller.SampleControllerTest.beforeClass(SampleControllerTest.java:32)
	at sun.reflect.NativeMethodAccessorImpl.invoke0(Native Method)
	at sun.reflect.NativeMethodAccessorImpl.invoke(NativeMethodAccessorImpl.java:57)
	at sun.reflect.DelegatingMethodAccessorImpl.invoke(DelegatingMethodAccessorImpl.java:43)
	at java.lang.reflect.Method.invoke(Method.java:606)
	at org.junit.runners.model.FrameworkMethod$1.runReflectiveCall(FrameworkMethod.java:47)
	at org.junit.internal.runners.model.ReflectiveCallable.run(ReflectiveCallable.java:12)
	at org.junit.runners.model.FrameworkMethod.invokeExplosively(FrameworkMethod.java:44)
	at org.junit.internal.runners.statements.RunBefores.evaluate(RunBefores.java:24)
	at org.junit.internal.runners.statements.RunAfters.evaluate(RunAfters.java:27)
	at org.junit.runners.ParentRunner.run(ParentRunner.java:309)
	at org.apache.maven.surefire.junit4.JUnit4TestSet.execute(JUnit4TestSet.java:53)
	at org.apache.maven.surefire.junit4.JUnit4Provider.executeTestSet(JUnit4Provider.java:123)
	at org.apache.maven.surefire.junit4.JUnit4Provider.invoke(JUnit4Provider.java:104)
	at sun.reflect.NativeMethodAccessorImpl.invoke0(Native Method)
	at sun.reflect.NativeMethodAccessorImpl.invoke(NativeMethodAccessorImpl.java:57)
	at sun.reflect.DelegatingMethodAccessorImpl.invoke(DelegatingMethodAccessorImpl.java:43)
	at java.lang.reflect.Method.invoke(Method.java:606)
	at org.apache.maven.surefire.util.ReflectionUtils.invokeMethodWithArray(ReflectionUtils.java:164)
	at org.apache.maven.surefire.booter.ProviderFactory$ProviderProxy.invoke(ProviderFactory.java:110)
	at org.apache.maven.surefire.booter.SurefireStarter.invokeProvider(SurefireStarter.java:175)
	at org.apache.maven.surefire.booter.SurefireStarter.runSuitesInProcessWhenForked(SurefireStarter.java:107)
	at org.apache.maven.surefire.booter.ForkedBooter.main(ForkedBooter.java:68)
Caused by: java.lang.NullPointerException
	at org.restexpress.route.RouteBuilder.determineActionMethod(RouteBuilder.java:340)
	... 34 more
</error>
  </testcase>
  <testcase time="0.01" classname="org.iiinews.android.controller.SampleControllerTest" name="org.iiinews.android.controller.SampleControllerTest">
    <error type="java.lang.NullPointerException">java.lang.NullPointerException
	at org.iiinews.android.controller.SampleControllerTest.afterClass(SampleControllerTest.java:37)
	at sun.reflect.NativeMethodAccessorImpl.invoke0(Native Method)
	at sun.reflect.NativeMethodAccessorImpl.invoke(NativeMethodAccessorImpl.java:57)
	at sun.reflect.DelegatingMethodAccessorImpl.invoke(DelegatingMethodAccessorImpl.java:43)
	at java.lang.reflect.Method.invoke(Method.java:606)
	at org.junit.runners.model.FrameworkMethod$1.runReflectiveCall(FrameworkMethod.java:47)
	at org.junit.internal.runners.model.ReflectiveCallable.run(ReflectiveCallable.java:12)
	at org.junit.runners.model.FrameworkMethod.invokeExplosively(FrameworkMethod.java:44)
	at org.junit.internal.runners.statements.RunAfters.evaluate(RunAfters.java:33)
	at org.junit.runners.ParentRunner.run(ParentRunner.java:309)
	at org.apache.maven.surefire.junit4.JUnit4TestSet.execute(JUnit4TestSet.java:53)
	at org.apache.maven.surefire.junit4.JUnit4Provider.executeTestSet(JUnit4Provider.java:123)
	at org.apache.maven.surefire.junit4.JUnit4Provider.invoke(JUnit4Provider.java:104)
	at sun.reflect.NativeMethodAccessorImpl.invoke0(Native Method)
	at sun.reflect.NativeMethodAccessorImpl.invoke(NativeMethodAccessorImpl.java:57)
	at sun.reflect.DelegatingMethodAccessorImpl.invoke(DelegatingMethodAccessorImpl.java:43)
	at java.lang.reflect.Method.invoke(Method.java:606)
	at org.apache.maven.surefire.util.ReflectionUtils.invokeMethodWithArray(ReflectionUtils.java:164)
	at org.apache.maven.surefire.booter.ProviderFactory$ProviderProxy.invoke(ProviderFactory.java:110)
	at org.apache.maven.surefire.booter.SurefireStarter.invokeProvider(SurefireStarter.java:175)
	at org.apache.maven.surefire.booter.SurefireStarter.runSuitesInProcessWhenForked(SurefireStarter.java:107)
	at org.apache.maven.surefire.booter.ForkedBooter.main(ForkedBooter.java:68)
</error>
  </testcase>
</testsuite>